{"/Users/manic/Documents/Code/chameleon/chameleon-sdk/src/index.js": {"path":"/Users/manic/Documents/Code/chameleon/chameleon-sdk/src/index.js","statementMap":{},"fnMap":{},"branchMap":{},"s":{},"f":{},"b":{},"_coverageSchema":"332fd63041d2c1bcb487cc26dd0d5f7d97098a6c","hash":"62567553ad2943405b260befff3d0a2bf05761a5"}
,"/Users/manic/Documents/Code/chameleon/chameleon-sdk/src/api/index.js": {"path":"/Users/manic/Documents/Code/chameleon/chameleon-sdk/src/api/index.js","statementMap":{},"fnMap":{},"branchMap":{},"s":{},"f":{},"b":{},"_coverageSchema":"332fd63041d2c1bcb487cc26dd0d5f7d97098a6c","hash":"9ed314345491f935db8c4b0dabd503d5d3ab23e2"}
,"/Users/manic/Documents/Code/chameleon/chameleon-sdk/src/api/connector/index.js": {"path":"/Users/manic/Documents/Code/chameleon/chameleon-sdk/src/api/connector/index.js","statementMap":{"0":{"start":{"line":4,"column":24},"end":{"line":20,"column":1}},"1":{"start":{"line":5,"column":21},"end":{"line":5,"column":38}},"2":{"start":{"line":7,"column":17},"end":{"line":17,"column":3}},"3":{"start":{"line":19,"column":2},"end":{"line":19,"column":16}},"4":{"start":{"line":24,"column":17},"end":{"line":24,"column":47}},"5":{"start":{"line":25,"column":4},"end":{"line":25,"column":16}},"6":{"start":{"line":28,"column":26},"end":{"line":28,"column":58}},"7":{"start":{"line":29,"column":4},"end":{"line":29,"column":47}},"8":{"start":{"line":32,"column":17},"end":{"line":32,"column":46}},"9":{"start":{"line":33,"column":26},"end":{"line":33,"column":58}},"10":{"start":{"line":34,"column":4},"end":{"line":37,"column":7}},"11":{"start":{"line":35,"column":21},"end":{"line":35,"column":67}},"12":{"start":{"line":36,"column":6},"end":{"line":36,"column":20}},"13":{"start":{"line":40,"column":26},"end":{"line":40,"column":58}},"14":{"start":{"line":41,"column":4},"end":{"line":41,"column":60}}},"fnMap":{"0":{"name":"(anonymous_0)","decl":{"start":{"line":4,"column":24},"end":{"line":4,"column":25}},"loc":{"start":{"line":4,"column":62},"end":{"line":20,"column":1}},"line":4},"1":{"name":"(anonymous_1)","decl":{"start":{"line":34,"column":69},"end":{"line":34,"column":70}},"loc":{"start":{"line":34,"column":79},"end":{"line":37,"column":5}},"line":34}},"branchMap":{"0":{"loc":{"start":{"line":32,"column":17},"end":{"line":32,"column":46}},"type":"cond-expr","locations":[{"start":{"line":32,"column":34},"end":{"line":32,"column":36}},{"start":{"line":32,"column":39},"end":{"line":32,"column":46}}],"line":32}},"s":{"0":3,"1":1,"2":1,"3":1,"4":4,"5":4,"6":1,"7":1,"8":1,"9":1,"10":1,"11":1,"12":1,"13":2,"14":2},"f":{"0":1,"1":1},"b":{"0":[0,1]},"_coverageSchema":"332fd63041d2c1bcb487cc26dd0d5f7d97098a6c","hash":"4043d7c88518235d5bfefe62304d54c9b8980609"}
,"/Users/manic/Documents/Code/chameleon/chameleon-sdk/src/api/connector/internal/graphql.js": {"path":"/Users/manic/Documents/Code/chameleon/chameleon-sdk/src/api/connector/internal/graphql.js","statementMap":{"0":{"start":{"line":5,"column":16},"end":{"line":16,"column":1}},"1":{"start":{"line":6,"column":16},"end":{"line":6,"column":43}},"2":{"start":{"line":7,"column":18},"end":{"line":7,"column":20}},"3":{"start":{"line":9,"column":2},"end":{"line":11,"column":3}},"4":{"start":{"line":10,"column":4},"end":{"line":10,"column":46}},"5":{"start":{"line":13,"column":2},"end":{"line":15,"column":4}},"6":{"start":{"line":18,"column":23},"end":{"line":38,"column":1}},"7":{"start":{"line":19,"column":2},"end":{"line":32,"column":3}},"8":{"start":{"line":20,"column":17},"end":{"line":20,"column":19}},"9":{"start":{"line":21,"column":21},"end":{"line":21,"column":23}},"10":{"start":{"line":22,"column":4},"end":{"line":25,"column":7}},"11":{"start":{"line":23,"column":6},"end":{"line":23,"column":45}},"12":{"start":{"line":24,"column":6},"end":{"line":24,"column":49}},"13":{"start":{"line":27,"column":4},"end":{"line":31,"column":6}},"14":{"start":{"line":34,"column":2},"end":{"line":37,"column":4}},"15":{"start":{"line":40,"column":23},"end":{"line":43,"column":1}},"16":{"start":{"line":41,"column":15},"end":{"line":41,"column":41}},"17":{"start":{"line":42,"column":2},"end":{"line":42,"column":24}},"18":{"start":{"line":45,"column":17},"end":{"line":58,"column":1}},"19":{"start":{"line":46,"column":15},"end":{"line":46,"column":26}},"20":{"start":{"line":47,"column":17},"end":{"line":47,"column":39}},"21":{"start":{"line":48,"column":21},"end":{"line":48,"column":44}},"22":{"start":{"line":50,"column":2},"end":{"line":57,"column":5}},"23":{"start":{"line":60,"column":27},"end":{"line":102,"column":1}},"24":{"start":{"line":61,"column":16},"end":{"line":99,"column":4}},"25":{"start":{"line":101,"column":2},"end":{"line":101,"column":15}},"26":{"start":{"line":104,"column":20},"end":{"line":108,"column":1}},"27":{"start":{"line":105,"column":15},"end":{"line":105,"column":28}},"28":{"start":{"line":107,"column":2},"end":{"line":107,"column":26}},"29":{"start":{"line":110,"column":23},"end":{"line":119,"column":1}},"30":{"start":{"line":111,"column":2},"end":{"line":116,"column":3}},"31":{"start":{"line":112,"column":18},"end":{"line":112,"column":61}},"32":{"start":{"line":113,"column":4},"end":{"line":115,"column":5}},"33":{"start":{"line":114,"column":6},"end":{"line":114,"column":36}},"34":{"start":{"line":118,"column":2},"end":{"line":118,"column":14}},"35":{"start":{"line":123,"column":16},"end":{"line":123,"column":42}},"36":{"start":{"line":124,"column":4},"end":{"line":158,"column":7}},"37":{"start":{"line":130,"column":19},"end":{"line":130,"column":40}},"38":{"start":{"line":131,"column":22},"end":{"line":131,"column":24}},"39":{"start":{"line":133,"column":6},"end":{"line":155,"column":9}},"40":{"start":{"line":134,"column":22},"end":{"line":134,"column":42}},"41":{"start":{"line":136,"column":8},"end":{"line":154,"column":9}},"42":{"start":{"line":137,"column":25},"end":{"line":140,"column":11}},"43":{"start":{"line":142,"column":25},"end":{"line":142,"column":27}},"44":{"start":{"line":143,"column":10},"end":{"line":150,"column":11}},"45":{"start":{"line":144,"column":12},"end":{"line":149,"column":15}},"46":{"start":{"line":145,"column":14},"end":{"line":148,"column":16}},"47":{"start":{"line":152,"column":10},"end":{"line":152,"column":33}},"48":{"start":{"line":153,"column":10},"end":{"line":153,"column":38}},"49":{"start":{"line":157,"column":6},"end":{"line":157,"column":21}},"50":{"start":{"line":161,"column":16},"end":{"line":161,"column":42}},"51":{"start":{"line":162,"column":4},"end":{"line":168,"column":7}},"52":{"start":{"line":166,"column":21},"end":{"line":166,"column":39}},"53":{"start":{"line":167,"column":6},"end":{"line":167,"column":20}},"54":{"start":{"line":171,"column":16},"end":{"line":171,"column":42}},"55":{"start":{"line":172,"column":4},"end":{"line":192,"column":7}},"56":{"start":{"line":178,"column":19},"end":{"line":178,"column":40}},"57":{"start":{"line":179,"column":21},"end":{"line":179,"column":23}},"58":{"start":{"line":181,"column":6},"end":{"line":186,"column":9}},"59":{"start":{"line":182,"column":8},"end":{"line":185,"column":11}},"60":{"start":{"line":188,"column":6},"end":{"line":191,"column":8}}},"fnMap":{"0":{"name":"(anonymous_0)","decl":{"start":{"line":5,"column":16},"end":{"line":5,"column":17}},"loc":{"start":{"line":5,"column":22},"end":{"line":16,"column":1}},"line":5},"1":{"name":"(anonymous_1)","decl":{"start":{"line":18,"column":23},"end":{"line":18,"column":24}},"loc":{"start":{"line":18,"column":35},"end":{"line":38,"column":1}},"line":18},"2":{"name":"(anonymous_2)","decl":{"start":{"line":22,"column":24},"end":{"line":22,"column":25}},"loc":{"start":{"line":22,"column":33},"end":{"line":25,"column":5}},"line":22},"3":{"name":"(anonymous_3)","decl":{"start":{"line":40,"column":23},"end":{"line":40,"column":24}},"loc":{"start":{"line":40,"column":35},"end":{"line":43,"column":1}},"line":40},"4":{"name":"(anonymous_4)","decl":{"start":{"line":45,"column":17},"end":{"line":45,"column":18}},"loc":{"start":{"line":45,"column":29},"end":{"line":58,"column":1}},"line":45},"5":{"name":"(anonymous_5)","decl":{"start":{"line":60,"column":27},"end":{"line":60,"column":28}},"loc":{"start":{"line":60,"column":33},"end":{"line":102,"column":1}},"line":60},"6":{"name":"(anonymous_6)","decl":{"start":{"line":104,"column":20},"end":{"line":104,"column":21}},"loc":{"start":{"line":104,"column":34},"end":{"line":108,"column":1}},"line":104},"7":{"name":"(anonymous_7)","decl":{"start":{"line":110,"column":23},"end":{"line":110,"column":24}},"loc":{"start":{"line":110,"column":35},"end":{"line":119,"column":1}},"line":110},"8":{"name":"(anonymous_8)","decl":{"start":{"line":129,"column":23},"end":{"line":129,"column":24}},"loc":{"start":{"line":129,"column":37},"end":{"line":158,"column":5}},"line":129},"9":{"name":"(anonymous_9)","decl":{"start":{"line":133,"column":24},"end":{"line":133,"column":25}},"loc":{"start":{"line":133,"column":34},"end":{"line":155,"column":7}},"line":133},"10":{"name":"(anonymous_10)","decl":{"start":{"line":144,"column":28},"end":{"line":144,"column":29}},"loc":{"start":{"line":144,"column":35},"end":{"line":149,"column":13}},"line":144},"11":{"name":"(anonymous_11)","decl":{"start":{"line":165,"column":23},"end":{"line":165,"column":24}},"loc":{"start":{"line":165,"column":37},"end":{"line":168,"column":5}},"line":165},"12":{"name":"(anonymous_12)","decl":{"start":{"line":177,"column":23},"end":{"line":177,"column":24}},"loc":{"start":{"line":177,"column":37},"end":{"line":192,"column":5}},"line":177},"13":{"name":"(anonymous_13)","decl":{"start":{"line":181,"column":24},"end":{"line":181,"column":25}},"loc":{"start":{"line":181,"column":34},"end":{"line":186,"column":7}},"line":181}},"branchMap":{"0":{"loc":{"start":{"line":9,"column":2},"end":{"line":11,"column":3}},"type":"if","locations":[{"start":{"line":9,"column":2},"end":{"line":11,"column":3}},{"start":{"line":9,"column":2},"end":{"line":11,"column":3}}],"line":9},"1":{"loc":{"start":{"line":19,"column":2},"end":{"line":32,"column":3}},"type":"if","locations":[{"start":{"line":19,"column":2},"end":{"line":32,"column":3}},{"start":{"line":19,"column":2},"end":{"line":32,"column":3}}],"line":19},"2":{"loc":{"start":{"line":30,"column":18},"end":{"line":30,"column":81}},"type":"cond-expr","locations":[{"start":{"line":30,"column":45},"end":{"line":30,"column":74}},{"start":{"line":30,"column":77},"end":{"line":30,"column":81}}],"line":30},"3":{"loc":{"start":{"line":48,"column":21},"end":{"line":48,"column":44}},"type":"binary-expr","locations":[{"start":{"line":48,"column":21},"end":{"line":48,"column":38}},{"start":{"line":48,"column":42},"end":{"line":48,"column":44}}],"line":48},"4":{"loc":{"start":{"line":111,"column":2},"end":{"line":116,"column":3}},"type":"if","locations":[{"start":{"line":111,"column":2},"end":{"line":116,"column":3}},{"start":{"line":111,"column":2},"end":{"line":116,"column":3}}],"line":111},"5":{"loc":{"start":{"line":113,"column":4},"end":{"line":115,"column":5}},"type":"if","locations":[{"start":{"line":113,"column":4},"end":{"line":115,"column":5}},{"start":{"line":113,"column":4},"end":{"line":115,"column":5}}],"line":113},"6":{"loc":{"start":{"line":136,"column":8},"end":{"line":154,"column":9}},"type":"if","locations":[{"start":{"line":136,"column":8},"end":{"line":154,"column":9}},{"start":{"line":136,"column":8},"end":{"line":154,"column":9}}],"line":136},"7":{"loc":{"start":{"line":143,"column":10},"end":{"line":150,"column":11}},"type":"if","locations":[{"start":{"line":143,"column":10},"end":{"line":150,"column":11}},{"start":{"line":143,"column":10},"end":{"line":150,"column":11}}],"line":143}},"s":{"0":3,"1":0,"2":0,"3":0,"4":0,"5":0,"6":3,"7":0,"8":0,"9":0,"10":0,"11":0,"12":0,"13":0,"14":0,"15":3,"16":0,"17":0,"18":3,"19":0,"20":0,"21":0,"22":0,"23":3,"24":0,"25":0,"26":3,"27":0,"28":0,"29":3,"30":0,"31":0,"32":0,"33":0,"34":0,"35":0,"36":0,"37":0,"38":0,"39":0,"40":0,"41":0,"42":0,"43":0,"44":0,"45":0,"46":0,"47":0,"48":0,"49":0,"50":0,"51":0,"52":0,"53":0,"54":0,"55":0,"56":0,"57":0,"58":0,"59":0,"60":0},"f":{"0":0,"1":0,"2":0,"3":0,"4":0,"5":0,"6":0,"7":0,"8":0,"9":0,"10":0,"11":0,"12":0,"13":0},"b":{"0":[0,0],"1":[0,0],"2":[0,0],"3":[0,0],"4":[0,0],"5":[0,0],"6":[0,0],"7":[0,0]},"_coverageSchema":"332fd63041d2c1bcb487cc26dd0d5f7d97098a6c","hash":"f4e5abd928dd60e357e9c4ef7881afb5b81dc8e5"}
,"/Users/manic/Documents/Code/chameleon/chameleon-sdk/src/api/connector/internal/http.js": {"path":"/Users/manic/Documents/Code/chameleon/chameleon-sdk/src/api/connector/internal/http.js","statementMap":{},"fnMap":{},"branchMap":{},"s":{},"f":{},"b":{},"_coverageSchema":"332fd63041d2c1bcb487cc26dd0d5f7d97098a6c","hash":"1bb4705a03a78c111f2867659b214b9b268a630e"}
,"/Users/manic/Documents/Code/chameleon/chameleon-sdk/src/api/connector/internal/index.js": {"path":"/Users/manic/Documents/Code/chameleon/chameleon-sdk/src/api/connector/internal/index.js","statementMap":{},"fnMap":{},"branchMap":{},"s":{},"f":{},"b":{},"_coverageSchema":"332fd63041d2c1bcb487cc26dd0d5f7d97098a6c","hash":"482a831c6a221fe9632830b7debf0c7aa5c771db"}
,"/Users/manic/Documents/Code/chameleon/chameleon-sdk/src/api/connector/internal/local.js": {"path":"/Users/manic/Documents/Code/chameleon/chameleon-sdk/src/api/connector/internal/local.js","statementMap":{"0":{"start":{"line":11,"column":16},"end":{"line":11,"column":60}},"1":{"start":{"line":12,"column":4},"end":{"line":15,"column":7}},"2":{"start":{"line":13,"column":21},"end":{"line":13,"column":34}},"3":{"start":{"line":14,"column":6},"end":{"line":14,"column":20}},"4":{"start":{"line":18,"column":16},"end":{"line":18,"column":67}},"5":{"start":{"line":19,"column":4},"end":{"line":26,"column":7}},"6":{"start":{"line":20,"column":21},"end":{"line":20,"column":34}},"7":{"start":{"line":21,"column":6},"end":{"line":25,"column":8}},"8":{"start":{"line":29,"column":16},"end":{"line":29,"column":65}},"9":{"start":{"line":30,"column":4},"end":{"line":33,"column":7}},"10":{"start":{"line":31,"column":21},"end":{"line":31,"column":34}},"11":{"start":{"line":32,"column":6},"end":{"line":32,"column":34}}},"fnMap":{"0":{"name":"(anonymous_0)","decl":{"start":{"line":12,"column":31},"end":{"line":12,"column":32}},"loc":{"start":{"line":12,"column":45},"end":{"line":15,"column":5}},"line":12},"1":{"name":"(anonymous_1)","decl":{"start":{"line":19,"column":31},"end":{"line":19,"column":32}},"loc":{"start":{"line":19,"column":45},"end":{"line":26,"column":5}},"line":19},"2":{"name":"(anonymous_2)","decl":{"start":{"line":30,"column":31},"end":{"line":30,"column":32}},"loc":{"start":{"line":30,"column":45},"end":{"line":33,"column":5}},"line":30}},"branchMap":{},"s":{"0":1,"1":1,"2":1,"3":1,"4":1,"5":1,"6":1,"7":1,"8":2,"9":2,"10":2,"11":2},"f":{"0":1,"1":1,"2":2},"b":{},"_coverageSchema":"332fd63041d2c1bcb487cc26dd0d5f7d97098a6c","hash":"f89105f305b131df24912407ecd819d561c58e40"}
,"/Users/manic/Documents/Code/chameleon/chameleon-sdk/src/mixins/bindable.js": {"path":"/Users/manic/Documents/Code/chameleon/chameleon-sdk/src/mixins/bindable.js","statementMap":{"0":{"start":{"line":6,"column":6},"end":{"line":8,"column":7}},"1":{"start":{"line":7,"column":8},"end":{"line":7,"column":21}},"2":{"start":{"line":10,"column":23},"end":{"line":10,"column":53}},"3":{"start":{"line":11,"column":6},"end":{"line":17,"column":7}},"4":{"start":{"line":12,"column":24},"end":{"line":12,"column":42}},"5":{"start":{"line":13,"column":8},"end":{"line":16,"column":21}},"6":{"start":{"line":14,"column":10},"end":{"line":14,"column":32}},"7":{"start":{"line":14,"column":20},"end":{"line":14,"column":32}},"8":{"start":{"line":15,"column":10},"end":{"line":15,"column":23}},"9":{"start":{"line":19,"column":6},"end":{"line":19,"column":19}}},"fnMap":{"0":{"name":"(anonymous_0)","decl":{"start":{"line":13,"column":41},"end":{"line":13,"column":42}},"loc":{"start":{"line":13,"column":51},"end":{"line":16,"column":9}},"line":13}},"branchMap":{"0":{"loc":{"start":{"line":6,"column":6},"end":{"line":8,"column":7}},"type":"if","locations":[{"start":{"line":6,"column":6},"end":{"line":8,"column":7}},{"start":{"line":6,"column":6},"end":{"line":8,"column":7}}],"line":6},"1":{"loc":{"start":{"line":11,"column":6},"end":{"line":17,"column":7}},"type":"if","locations":[{"start":{"line":11,"column":6},"end":{"line":17,"column":7}},{"start":{"line":11,"column":6},"end":{"line":17,"column":7}}],"line":11},"2":{"loc":{"start":{"line":11,"column":10},"end":{"line":11,"column":44}},"type":"binary-expr","locations":[{"start":{"line":11,"column":10},"end":{"line":11,"column":18}},{"start":{"line":11,"column":22},"end":{"line":11,"column":44}}],"line":11},"3":{"loc":{"start":{"line":14,"column":10},"end":{"line":14,"column":32}},"type":"if","locations":[{"start":{"line":14,"column":10},"end":{"line":14,"column":32}},{"start":{"line":14,"column":10},"end":{"line":14,"column":32}}],"line":14}},"s":{"0":6,"1":1,"2":5,"3":5,"4":3,"5":3,"6":8,"7":6,"8":2,"9":2},"f":{"0":8},"b":{"0":[1,5],"1":[3,2],"2":[5,4],"3":[6,2]},"_coverageSchema":"332fd63041d2c1bcb487cc26dd0d5f7d97098a6c","hash":"1dba591fb8d334a69576364366a156d51d9d87cd"}
,"/Users/manic/Documents/Code/chameleon/chameleon-sdk/src/mixins/dependable.js": {"path":"/Users/manic/Documents/Code/chameleon/chameleon-sdk/src/mixins/dependable.js","statementMap":{"0":{"start":{"line":17,"column":25},"end":{"line":17,"column":29}},"1":{"start":{"line":19,"column":26},"end":{"line":28,"column":1}},"2":{"start":{"line":20,"column":2},"end":{"line":22,"column":3}},"3":{"start":{"line":21,"column":4},"end":{"line":21,"column":38}},"4":{"start":{"line":24,"column":2},"end":{"line":27,"column":13}},"5":{"start":{"line":25,"column":20},"end":{"line":25,"column":24}},"6":{"start":{"line":26,"column":4},"end":{"line":26,"column":60}},"7":{"start":{"line":30,"column":18},"end":{"line":35,"column":1}},"8":{"start":{"line":31,"column":23},"end":{"line":31,"column":59}},"9":{"start":{"line":32,"column":2},"end":{"line":32,"column":74}},"10":{"start":{"line":34,"column":2},"end":{"line":34,"column":64}},"11":{"start":{"line":37,"column":16},"end":{"line":43,"column":1}},"12":{"start":{"line":38,"column":2},"end":{"line":42,"column":5}},"13":{"start":{"line":45,"column":34},"end":{"line":56,"column":1}},"14":{"start":{"line":46,"column":31},"end":{"line":55,"column":10}},"15":{"start":{"line":47,"column":4},"end":{"line":54,"column":5}},"16":{"start":{"line":48,"column":6},"end":{"line":48,"column":16}},"17":{"start":{"line":49,"column":6},"end":{"line":49,"column":44}},"18":{"start":{"line":50,"column":6},"end":{"line":50,"column":42}},"19":{"start":{"line":51,"column":11},"end":{"line":54,"column":5}},"20":{"start":{"line":52,"column":6},"end":{"line":52,"column":15}},"21":{"start":{"line":53,"column":6},"end":{"line":53,"column":42}},"22":{"start":{"line":58,"column":22},"end":{"line":94,"column":1}},"23":{"start":{"line":59,"column":15},"end":{"line":59,"column":89}},"24":{"start":{"line":60,"column":15},"end":{"line":60,"column":86}},"25":{"start":{"line":61,"column":19},"end":{"line":61,"column":47}},"26":{"start":{"line":62,"column":27},"end":{"line":62,"column":77}},"27":{"start":{"line":64,"column":2},"end":{"line":64,"column":48}},"28":{"start":{"line":66,"column":2},"end":{"line":76,"column":3}},"29":{"start":{"line":67,"column":4},"end":{"line":69,"column":5}},"30":{"start":{"line":68,"column":6},"end":{"line":68,"column":43}},"31":{"start":{"line":71,"column":4},"end":{"line":71,"column":40}},"32":{"start":{"line":72,"column":9},"end":{"line":76,"column":3}},"33":{"start":{"line":73,"column":4},"end":{"line":73,"column":47}},"34":{"start":{"line":74,"column":4},"end":{"line":74,"column":46}},"35":{"start":{"line":75,"column":4},"end":{"line":75,"column":40}},"36":{"start":{"line":78,"column":2},"end":{"line":93,"column":5}},"37":{"start":{"line":79,"column":4},"end":{"line":82,"column":6}},"38":{"start":{"line":80,"column":6},"end":{"line":80,"column":41}},"39":{"start":{"line":81,"column":6},"end":{"line":81,"column":15}},"40":{"start":{"line":84,"column":4},"end":{"line":92,"column":6}},"41":{"start":{"line":85,"column":6},"end":{"line":91,"column":7}},"42":{"start":{"line":87,"column":8},"end":{"line":87,"column":18}},"43":{"start":{"line":90,"column":8},"end":{"line":90,"column":60}},"44":{"start":{"line":96,"column":25},"end":{"line":101,"column":1}},"45":{"start":{"line":97,"column":16},"end":{"line":97,"column":69}},"46":{"start":{"line":98,"column":19},"end":{"line":98,"column":67}},"47":{"start":{"line":98,"column":38},"end":{"line":98,"column":66}},"48":{"start":{"line":100,"column":2},"end":{"line":100,"column":31}},"49":{"start":{"line":106,"column":6},"end":{"line":125,"column":9}},"50":{"start":{"line":107,"column":8},"end":{"line":124,"column":9}},"51":{"start":{"line":109,"column":10},"end":{"line":109,"column":47}},"52":{"start":{"line":110,"column":10},"end":{"line":116,"column":13}},"53":{"start":{"line":111,"column":12},"end":{"line":111,"column":22}},"54":{"start":{"line":112,"column":12},"end":{"line":112,"column":50}},"55":{"start":{"line":115,"column":12},"end":{"line":115,"column":50}},"56":{"start":{"line":117,"column":15},"end":{"line":124,"column":9}},"57":{"start":{"line":119,"column":10},"end":{"line":119,"column":48}},"58":{"start":{"line":120,"column":10},"end":{"line":120,"column":20}},"59":{"start":{"line":123,"column":10},"end":{"line":123,"column":65}},"60":{"start":{"line":129,"column":4},"end":{"line":129,"column":20}}},"fnMap":{"0":{"name":"(anonymous_0)","decl":{"start":{"line":19,"column":26},"end":{"line":19,"column":27}},"loc":{"start":{"line":19,"column":42},"end":{"line":28,"column":1}},"line":19},"1":{"name":"(anonymous_1)","decl":{"start":{"line":24,"column":39},"end":{"line":24,"column":40}},"loc":{"start":{"line":24,"column":55},"end":{"line":27,"column":3}},"line":24},"2":{"name":"(anonymous_2)","decl":{"start":{"line":30,"column":18},"end":{"line":30,"column":19}},"loc":{"start":{"line":30,"column":31},"end":{"line":35,"column":1}},"line":30},"3":{"name":"(anonymous_3)","decl":{"start":{"line":37,"column":16},"end":{"line":37,"column":17}},"loc":{"start":{"line":37,"column":51},"end":{"line":43,"column":1}},"line":37},"4":{"name":"(anonymous_4)","decl":{"start":{"line":45,"column":34},"end":{"line":45,"column":35}},"loc":{"start":{"line":45,"column":67},"end":{"line":56,"column":1}},"line":45},"5":{"name":"(anonymous_5)","decl":{"start":{"line":46,"column":43},"end":{"line":46,"column":44}},"loc":{"start":{"line":46,"column":49},"end":{"line":55,"column":3}},"line":46},"6":{"name":"(anonymous_6)","decl":{"start":{"line":58,"column":22},"end":{"line":58,"column":23}},"loc":{"start":{"line":58,"column":47},"end":{"line":94,"column":1}},"line":58},"7":{"name":"(anonymous_7)","decl":{"start":{"line":78,"column":21},"end":{"line":78,"column":22}},"loc":{"start":{"line":78,"column":42},"end":{"line":93,"column":3}},"line":78},"8":{"name":"(anonymous_8)","decl":{"start":{"line":79,"column":23},"end":{"line":79,"column":24}},"loc":{"start":{"line":79,"column":29},"end":{"line":82,"column":5}},"line":79},"9":{"name":"(anonymous_9)","decl":{"start":{"line":84,"column":22},"end":{"line":84,"column":23}},"loc":{"start":{"line":84,"column":28},"end":{"line":92,"column":5}},"line":84},"10":{"name":"(anonymous_10)","decl":{"start":{"line":96,"column":25},"end":{"line":96,"column":26}},"loc":{"start":{"line":96,"column":52},"end":{"line":101,"column":1}},"line":96},"11":{"name":"(anonymous_11)","decl":{"start":{"line":98,"column":30},"end":{"line":98,"column":31}},"loc":{"start":{"line":98,"column":38},"end":{"line":98,"column":66}},"line":98},"12":{"name":"(anonymous_12)","decl":{"start":{"line":106,"column":25},"end":{"line":106,"column":26}},"loc":{"start":{"line":106,"column":46},"end":{"line":125,"column":7}},"line":106},"13":{"name":"(anonymous_13)","decl":{"start":{"line":110,"column":53},"end":{"line":110,"column":54}},"loc":{"start":{"line":110,"column":59},"end":{"line":113,"column":11}},"line":110},"14":{"name":"(anonymous_14)","decl":{"start":{"line":113,"column":19},"end":{"line":113,"column":20}},"loc":{"start":{"line":113,"column":30},"end":{"line":116,"column":11}},"line":113}},"branchMap":{"0":{"loc":{"start":{"line":20,"column":2},"end":{"line":22,"column":3}},"type":"if","locations":[{"start":{"line":20,"column":2},"end":{"line":22,"column":3}},{"start":{"line":20,"column":2},"end":{"line":22,"column":3}}],"line":20},"1":{"loc":{"start":{"line":26,"column":11},"end":{"line":26,"column":59}},"type":"cond-expr","locations":[{"start":{"line":26,"column":38},"end":{"line":26,"column":51}},{"start":{"line":26,"column":54},"end":{"line":26,"column":59}}],"line":26},"2":{"loc":{"start":{"line":26,"column":11},"end":{"line":26,"column":35}},"type":"binary-expr","locations":[{"start":{"line":26,"column":11},"end":{"line":26,"column":18}},{"start":{"line":26,"column":22},"end":{"line":26,"column":35}}],"line":26},"3":{"loc":{"start":{"line":31,"column":23},"end":{"line":31,"column":59}},"type":"binary-expr","locations":[{"start":{"line":31,"column":23},"end":{"line":31,"column":47}},{"start":{"line":31,"column":51},"end":{"line":31,"column":59}}],"line":31},"4":{"loc":{"start":{"line":34,"column":31},"end":{"line":34,"column":63}},"type":"binary-expr","locations":[{"start":{"line":34,"column":31},"end":{"line":34,"column":57}},{"start":{"line":34,"column":61},"end":{"line":34,"column":63}}],"line":34},"5":{"loc":{"start":{"line":47,"column":4},"end":{"line":54,"column":5}},"type":"if","locations":[{"start":{"line":47,"column":4},"end":{"line":54,"column":5}},{"start":{"line":47,"column":4},"end":{"line":54,"column":5}}],"line":47},"6":{"loc":{"start":{"line":51,"column":11},"end":{"line":54,"column":5}},"type":"if","locations":[{"start":{"line":51,"column":11},"end":{"line":54,"column":5}},{"start":{"line":51,"column":11},"end":{"line":54,"column":5}}],"line":51},"7":{"loc":{"start":{"line":59,"column":15},"end":{"line":59,"column":89}},"type":"cond-expr","locations":[{"start":{"line":59,"column":72},"end":{"line":59,"column":80}},{"start":{"line":59,"column":83},"end":{"line":59,"column":89}}],"line":59},"8":{"loc":{"start":{"line":59,"column":15},"end":{"line":59,"column":69}},"type":"binary-expr","locations":[{"start":{"line":59,"column":15},"end":{"line":59,"column":43}},{"start":{"line":59,"column":47},"end":{"line":59,"column":69}}],"line":59},"9":{"loc":{"start":{"line":60,"column":15},"end":{"line":60,"column":86}},"type":"cond-expr","locations":[{"start":{"line":60,"column":72},"end":{"line":60,"column":77}},{"start":{"line":60,"column":80},"end":{"line":60,"column":86}}],"line":60},"10":{"loc":{"start":{"line":60,"column":15},"end":{"line":60,"column":69}},"type":"binary-expr","locations":[{"start":{"line":60,"column":15},"end":{"line":60,"column":43}},{"start":{"line":60,"column":47},"end":{"line":60,"column":69}}],"line":60},"11":{"loc":{"start":{"line":62,"column":27},"end":{"line":62,"column":77}},"type":"cond-expr","locations":[{"start":{"line":62,"column":50},"end":{"line":62,"column":60}},{"start":{"line":62,"column":63},"end":{"line":62,"column":77}}],"line":62},"12":{"loc":{"start":{"line":66,"column":2},"end":{"line":76,"column":3}},"type":"if","locations":[{"start":{"line":66,"column":2},"end":{"line":76,"column":3}},{"start":{"line":66,"column":2},"end":{"line":76,"column":3}}],"line":66},"13":{"loc":{"start":{"line":67,"column":4},"end":{"line":69,"column":5}},"type":"if","locations":[{"start":{"line":67,"column":4},"end":{"line":69,"column":5}},{"start":{"line":67,"column":4},"end":{"line":69,"column":5}}],"line":67},"14":{"loc":{"start":{"line":72,"column":9},"end":{"line":76,"column":3}},"type":"if","locations":[{"start":{"line":72,"column":9},"end":{"line":76,"column":3}},{"start":{"line":72,"column":9},"end":{"line":76,"column":3}}],"line":72},"15":{"loc":{"start":{"line":85,"column":6},"end":{"line":91,"column":7}},"type":"if","locations":[{"start":{"line":85,"column":6},"end":{"line":91,"column":7}},{"start":{"line":85,"column":6},"end":{"line":91,"column":7}}],"line":85},"16":{"loc":{"start":{"line":85,"column":10},"end":{"line":85,"column":76}},"type":"binary-expr","locations":[{"start":{"line":85,"column":10},"end":{"line":85,"column":25}},{"start":{"line":85,"column":30},"end":{"line":85,"column":45}},{"start":{"line":85,"column":49},"end":{"line":85,"column":75}}],"line":85},"17":{"loc":{"start":{"line":97,"column":16},"end":{"line":97,"column":69}},"type":"cond-expr","locations":[{"start":{"line":97,"column":40},"end":{"line":97,"column":52}},{"start":{"line":97,"column":55},"end":{"line":97,"column":69}}],"line":97},"18":{"loc":{"start":{"line":107,"column":8},"end":{"line":124,"column":9}},"type":"if","locations":[{"start":{"line":107,"column":8},"end":{"line":124,"column":9}},{"start":{"line":107,"column":8},"end":{"line":124,"column":9}}],"line":107},"19":{"loc":{"start":{"line":117,"column":15},"end":{"line":124,"column":9}},"type":"if","locations":[{"start":{"line":117,"column":15},"end":{"line":124,"column":9}},{"start":{"line":117,"column":15},"end":{"line":124,"column":9}}],"line":117}},"s":{"0":2,"1":2,"2":2,"3":2,"4":0,"5":0,"6":0,"7":2,"8":2,"9":2,"10":2,"11":2,"12":3,"13":2,"14":0,"15":0,"16":0,"17":0,"18":0,"19":0,"20":0,"21":0,"22":2,"23":1,"24":1,"25":1,"26":1,"27":1,"28":1,"29":1,"30":1,"31":1,"32":0,"33":0,"34":0,"35":0,"36":1,"37":1,"38":0,"39":0,"40":1,"41":1,"42":1,"43":0,"44":2,"45":1,"46":1,"47":1,"48":1,"49":2,"50":2,"51":1,"52":1,"53":1,"54":1,"55":0,"56":1,"57":1,"58":1,"59":0,"60":2},"f":{"0":2,"1":0,"2":2,"3":3,"4":0,"5":0,"6":1,"7":1,"8":0,"9":1,"10":1,"11":1,"12":2,"13":1,"14":0},"b":{"0":[2,0],"1":[0,0],"2":[0,0],"3":[2,2],"4":[2,1],"5":[0,0],"6":[0,0],"7":[1,0],"8":[1,0],"9":[1,0],"10":[1,0],"11":[0,1],"12":[1,0],"13":[1,0],"14":[0,0],"15":[1,0],"16":[1,1,1],"17":[1,0],"18":[1,1],"19":[1,0]},"_coverageSchema":"332fd63041d2c1bcb487cc26dd0d5f7d97098a6c","hash":"aaa9d05c4be5e4822eec90497f70b84f7fbe3a5c"}
,"/Users/manic/Documents/Code/chameleon/chameleon-sdk/src/mixins/elementable.js": {"path":"/Users/manic/Documents/Code/chameleon/chameleon-sdk/src/mixins/elementable.js","statementMap":{"0":{"start":{"line":8,"column":13},"end":{"line":8,"column":23}},"1":{"start":{"line":8,"column":19},"end":{"line":8,"column":23}},"2":{"start":{"line":19,"column":6},"end":{"line":22,"column":30}},"3":{"start":{"line":26,"column":6},"end":{"line":26,"column":27}},"4":{"start":{"line":35,"column":23},"end":{"line":35,"column":66}},"5":{"start":{"line":36,"column":6},"end":{"line":36,"column":41}},"6":{"start":{"line":40,"column":4},"end":{"line":55,"column":6}},"7":{"start":{"line":65,"column":29},"end":{"line":65,"column":46}},"8":{"start":{"line":66,"column":6},"end":{"line":70,"column":7}},"9":{"start":{"line":67,"column":8},"end":{"line":67,"column":20}},"10":{"start":{"line":68,"column":13},"end":{"line":70,"column":7}},"11":{"start":{"line":69,"column":8},"end":{"line":69,"column":51}},"12":{"start":{"line":72,"column":6},"end":{"line":72,"column":18}},"13":{"start":{"line":79,"column":6},"end":{"line":84,"column":8}},"14":{"start":{"line":91,"column":23},"end":{"line":91,"column":43}},"15":{"start":{"line":92,"column":6},"end":{"line":105,"column":9}},"16":{"start":{"line":93,"column":19},"end":{"line":102,"column":9}},"17":{"start":{"line":104,"column":8},"end":{"line":104,"column":18}},"18":{"start":{"line":108,"column":6},"end":{"line":108,"column":37}},"19":{"start":{"line":114,"column":8},"end":{"line":114,"column":30}},"20":{"start":{"line":126,"column":4},"end":{"line":126,"column":36}}},"fnMap":{"0":{"name":"(anonymous_0)","decl":{"start":{"line":8,"column":13},"end":{"line":8,"column":14}},"loc":{"start":{"line":8,"column":19},"end":{"line":8,"column":23}},"line":8},"1":{"name":"(anonymous_1)","decl":{"start":{"line":92,"column":27},"end":{"line":92,"column":28}},"loc":{"start":{"line":92,"column":38},"end":{"line":105,"column":7}},"line":92}},"branchMap":{"0":{"loc":{"start":{"line":35,"column":23},"end":{"line":35,"column":66}},"type":"binary-expr","locations":[{"start":{"line":35,"column":23},"end":{"line":35,"column":34}},{"start":{"line":35,"column":38},"end":{"line":35,"column":66}}],"line":35},"1":{"loc":{"start":{"line":36,"column":13},"end":{"line":36,"column":40}},"type":"binary-expr","locations":[{"start":{"line":36,"column":13},"end":{"line":36,"column":21}},{"start":{"line":36,"column":25},"end":{"line":36,"column":40}}],"line":36},"2":{"loc":{"start":{"line":66,"column":6},"end":{"line":70,"column":7}},"type":"if","locations":[{"start":{"line":66,"column":6},"end":{"line":70,"column":7}},{"start":{"line":66,"column":6},"end":{"line":70,"column":7}}],"line":66},"3":{"loc":{"start":{"line":66,"column":10},"end":{"line":66,"column":52}},"type":"binary-expr","locations":[{"start":{"line":66,"column":10},"end":{"line":66,"column":29}},{"start":{"line":66,"column":33},"end":{"line":66,"column":52}}],"line":66},"4":{"loc":{"start":{"line":68,"column":13},"end":{"line":70,"column":7}},"type":"if","locations":[{"start":{"line":68,"column":13},"end":{"line":70,"column":7}},{"start":{"line":68,"column":13},"end":{"line":70,"column":7}}],"line":68}},"s":{"0":5,"1":6,"2":4,"3":2,"4":10,"5":10,"6":20,"7":5,"8":5,"9":1,"10":4,"11":3,"12":1,"13":1,"14":1,"15":1,"16":2,"17":2,"18":20,"19":0,"20":20},"f":{"0":6,"1":2},"b":{"0":[10,0],"1":[10,10],"2":[1,4],"3":[5,1],"4":[3,1]},"_coverageSchema":"332fd63041d2c1bcb487cc26dd0d5f7d97098a6c","hash":"c721c3710b6c0eb519a9dddb598d9ce524b6da9d"}
,"/Users/manic/Documents/Code/chameleon/chameleon-sdk/src/mixins/index.js": {"path":"/Users/manic/Documents/Code/chameleon/chameleon-sdk/src/mixins/index.js","statementMap":{},"fnMap":{},"branchMap":{},"s":{},"f":{},"b":{},"_coverageSchema":"332fd63041d2c1bcb487cc26dd0d5f7d97098a6c","hash":"f692df1f2f793f16c7c0c1fdddb7fc8bd728838a"}
,"/Users/manic/Documents/Code/chameleon/chameleon-sdk/src/mixins/reactionable.js": {"path":"/Users/manic/Documents/Code/chameleon/chameleon-sdk/src/mixins/reactionable.js","statementMap":{"0":{"start":{"line":12,"column":4},"end":{"line":14,"column":6}},"1":{"start":{"line":24,"column":6},"end":{"line":24,"column":59}},"2":{"start":{"line":27,"column":6},"end":{"line":27,"column":62}},"3":{"start":{"line":30,"column":6},"end":{"line":30,"column":36}},"4":{"start":{"line":42,"column":17},"end":{"line":42,"column":32}},"5":{"start":{"line":43,"column":6},"end":{"line":45,"column":7}},"6":{"start":{"line":44,"column":8},"end":{"line":44,"column":65}},"7":{"start":{"line":66,"column":6},"end":{"line":68,"column":7}},"8":{"start":{"line":67,"column":8},"end":{"line":67,"column":21}},"9":{"start":{"line":70,"column":6},"end":{"line":113,"column":9}},"10":{"start":{"line":71,"column":8},"end":{"line":73,"column":9}},"11":{"start":{"line":72,"column":10},"end":{"line":72,"column":23}},"12":{"start":{"line":75,"column":25},"end":{"line":103,"column":9}},"13":{"start":{"line":76,"column":25},"end":{"line":76,"column":46}},"14":{"start":{"line":77,"column":10},"end":{"line":80,"column":11}},"15":{"start":{"line":78,"column":12},"end":{"line":78,"column":72}},"16":{"start":{"line":79,"column":12},"end":{"line":79,"column":25}},"17":{"start":{"line":92,"column":32},"end":{"line":92,"column":39}},"18":{"start":{"line":93,"column":10},"end":{"line":100,"column":11}},"19":{"start":{"line":94,"column":12},"end":{"line":99,"column":15}},"20":{"start":{"line":95,"column":14},"end":{"line":98,"column":15}},"21":{"start":{"line":96,"column":16},"end":{"line":96,"column":73}},"22":{"start":{"line":97,"column":16},"end":{"line":97,"column":49}},"23":{"start":{"line":102,"column":10},"end":{"line":102,"column":65}},"24":{"start":{"line":105,"column":8},"end":{"line":108,"column":11}},"25":{"start":{"line":110,"column":8},"end":{"line":110,"column":55}},"26":{"start":{"line":112,"column":8},"end":{"line":112,"column":20}},"27":{"start":{"line":115,"column":6},"end":{"line":115,"column":18}},"28":{"start":{"line":122,"column":6},"end":{"line":128,"column":7}},"29":{"start":{"line":123,"column":8},"end":{"line":125,"column":11}},"30":{"start":{"line":124,"column":10},"end":{"line":124,"column":63}},"31":{"start":{"line":127,"column":8},"end":{"line":127,"column":36}},"32":{"start":{"line":132,"column":4},"end":{"line":132,"column":24}},"33":{"start":{"line":135,"column":4},"end":{"line":135,"column":27}}},"fnMap":{"0":{"name":"(anonymous_0)","decl":{"start":{"line":70,"column":27},"end":{"line":70,"column":28}},"loc":{"start":{"line":70,"column":41},"end":{"line":113,"column":7}},"line":70},"1":{"name":"(anonymous_1)","decl":{"start":{"line":75,"column":25},"end":{"line":75,"column":26}},"loc":{"start":{"line":75,"column":38},"end":{"line":103,"column":9}},"line":75},"2":{"name":"(anonymous_2)","decl":{"start":{"line":94,"column":34},"end":{"line":94,"column":35}},"loc":{"start":{"line":94,"column":45},"end":{"line":99,"column":13}},"line":94},"3":{"name":"(anonymous_3)","decl":{"start":{"line":123,"column":37},"end":{"line":123,"column":38}},"loc":{"start":{"line":123,"column":51},"end":{"line":125,"column":9}},"line":123}},"branchMap":{"0":{"loc":{"start":{"line":24,"column":13},"end":{"line":24,"column":58}},"type":"cond-expr","locations":[{"start":{"line":24,"column":29},"end":{"line":24,"column":51}},{"start":{"line":24,"column":54},"end":{"line":24,"column":58}}],"line":24},"1":{"loc":{"start":{"line":27,"column":13},"end":{"line":27,"column":61}},"type":"binary-expr","locations":[{"start":{"line":27,"column":13},"end":{"line":27,"column":34}},{"start":{"line":27,"column":38},"end":{"line":27,"column":61}}],"line":27},"2":{"loc":{"start":{"line":43,"column":6},"end":{"line":45,"column":7}},"type":"if","locations":[{"start":{"line":43,"column":6},"end":{"line":45,"column":7}},{"start":{"line":43,"column":6},"end":{"line":45,"column":7}}],"line":43},"3":{"loc":{"start":{"line":43,"column":10},"end":{"line":43,"column":29}},"type":"binary-expr","locations":[{"start":{"line":43,"column":10},"end":{"line":43,"column":12}},{"start":{"line":43,"column":16},"end":{"line":43,"column":29}}],"line":43},"4":{"loc":{"start":{"line":66,"column":6},"end":{"line":68,"column":7}},"type":"if","locations":[{"start":{"line":66,"column":6},"end":{"line":68,"column":7}},{"start":{"line":66,"column":6},"end":{"line":68,"column":7}}],"line":66},"5":{"loc":{"start":{"line":71,"column":8},"end":{"line":73,"column":9}},"type":"if","locations":[{"start":{"line":71,"column":8},"end":{"line":73,"column":9}},{"start":{"line":71,"column":8},"end":{"line":73,"column":9}}],"line":71},"6":{"loc":{"start":{"line":71,"column":12},"end":{"line":71,"column":62}},"type":"binary-expr","locations":[{"start":{"line":71,"column":12},"end":{"line":71,"column":36}},{"start":{"line":71,"column":40},"end":{"line":71,"column":62}}],"line":71},"7":{"loc":{"start":{"line":77,"column":10},"end":{"line":80,"column":11}},"type":"if","locations":[{"start":{"line":77,"column":10},"end":{"line":80,"column":11}},{"start":{"line":77,"column":10},"end":{"line":80,"column":11}}],"line":77},"8":{"loc":{"start":{"line":93,"column":10},"end":{"line":100,"column":11}},"type":"if","locations":[{"start":{"line":93,"column":10},"end":{"line":100,"column":11}},{"start":{"line":93,"column":10},"end":{"line":100,"column":11}}],"line":93},"9":{"loc":{"start":{"line":95,"column":14},"end":{"line":98,"column":15}},"type":"if","locations":[{"start":{"line":95,"column":14},"end":{"line":98,"column":15}},{"start":{"line":95,"column":14},"end":{"line":98,"column":15}}],"line":95},"10":{"loc":{"start":{"line":122,"column":6},"end":{"line":128,"column":7}},"type":"if","locations":[{"start":{"line":122,"column":6},"end":{"line":128,"column":7}},{"start":{"line":122,"column":6},"end":{"line":128,"column":7}}],"line":122}},"s":{"0":1,"1":1,"2":1,"3":1,"4":1,"5":1,"6":1,"7":1,"8":0,"9":1,"10":1,"11":0,"12":1,"13":1,"14":1,"15":0,"16":0,"17":1,"18":1,"19":1,"20":1,"21":1,"22":1,"23":1,"24":1,"25":1,"26":1,"27":1,"28":1,"29":1,"30":1,"31":1,"32":1,"33":0},"f":{"0":1,"1":1,"2":1,"3":1},"b":{"0":[1,0],"1":[1,1],"2":[1,0],"3":[1,1],"4":[0,1],"5":[0,1],"6":[1,1],"7":[0,1],"8":[1,0],"9":[1,0],"10":[1,0]},"_coverageSchema":"332fd63041d2c1bcb487cc26dd0d5f7d97098a6c","hash":"2b275293736b954dcf0a6e4182afdc8525877db5"}
,"/Users/manic/Documents/Code/chameleon/chameleon-sdk/src/mixins/sourceable.js": {"path":"/Users/manic/Documents/Code/chameleon/chameleon-sdk/src/mixins/sourceable.js","statementMap":{"0":{"start":{"line":13,"column":4},"end":{"line":16,"column":6}},"1":{"start":{"line":20,"column":21},"end":{"line":20,"column":43}},"2":{"start":{"line":21,"column":6},"end":{"line":23,"column":7}},"3":{"start":{"line":22,"column":8},"end":{"line":22,"column":44}},"4":{"start":{"line":25,"column":6},"end":{"line":25,"column":20}},"5":{"start":{"line":28,"column":6},"end":{"line":28,"column":39}},"6":{"start":{"line":31,"column":6},"end":{"line":31,"column":67}},"7":{"start":{"line":34,"column":6},"end":{"line":34,"column":76}},"8":{"start":{"line":39,"column":6},"end":{"line":41,"column":8}},"9":{"start":{"line":44,"column":6},"end":{"line":84,"column":9}},"10":{"start":{"line":45,"column":8},"end":{"line":54,"column":9}},"11":{"start":{"line":50,"column":10},"end":{"line":53,"column":13}},"12":{"start":{"line":56,"column":26},"end":{"line":59,"column":9}},"13":{"start":{"line":61,"column":23},"end":{"line":63,"column":51}},"14":{"start":{"line":65,"column":8},"end":{"line":65,"column":38}},"15":{"start":{"line":66,"column":8},"end":{"line":83,"column":11}},"16":{"start":{"line":71,"column":10},"end":{"line":73,"column":12}},"17":{"start":{"line":75,"column":10},"end":{"line":79,"column":11}},"18":{"start":{"line":76,"column":12},"end":{"line":78,"column":15}},"19":{"start":{"line":81,"column":10},"end":{"line":81,"column":41}},"20":{"start":{"line":82,"column":10},"end":{"line":82,"column":26}},"21":{"start":{"line":87,"column":6},"end":{"line":106,"column":7}},"22":{"start":{"line":88,"column":27},"end":{"line":88,"column":95}},"23":{"start":{"line":88,"column":72},"end":{"line":88,"column":93}},"24":{"start":{"line":89,"column":8},"end":{"line":105,"column":9}},"25":{"start":{"line":94,"column":10},"end":{"line":104,"column":13}},"26":{"start":{"line":95,"column":31},"end":{"line":95,"column":35}},"27":{"start":{"line":96,"column":12},"end":{"line":101,"column":15}},"28":{"start":{"line":97,"column":14},"end":{"line":100,"column":15}},"29":{"start":{"line":98,"column":16},"end":{"line":98,"column":61}},"30":{"start":{"line":99,"column":16},"end":{"line":99,"column":46}},"31":{"start":{"line":103,"column":12},"end":{"line":103,"column":30}},"32":{"start":{"line":108,"column":6},"end":{"line":108,"column":19}}},"fnMap":{"0":{"name":"(anonymous_0)","decl":{"start":{"line":44,"column":25},"end":{"line":44,"column":26}},"loc":{"start":{"line":44,"column":38},"end":{"line":84,"column":7}},"line":44},"1":{"name":"(anonymous_1)","decl":{"start":{"line":70,"column":15},"end":{"line":70,"column":16}},"loc":{"start":{"line":70,"column":27},"end":{"line":83,"column":9}},"line":70},"2":{"name":"(anonymous_2)","decl":{"start":{"line":88,"column":63},"end":{"line":88,"column":64}},"loc":{"start":{"line":88,"column":72},"end":{"line":88,"column":93}},"line":88},"3":{"name":"(anonymous_3)","decl":{"start":{"line":94,"column":28},"end":{"line":94,"column":29}},"loc":{"start":{"line":94,"column":38},"end":{"line":104,"column":11}},"line":94},"4":{"name":"(anonymous_4)","decl":{"start":{"line":96,"column":41},"end":{"line":96,"column":42}},"loc":{"start":{"line":96,"column":52},"end":{"line":101,"column":13}},"line":96}},"branchMap":{"0":{"loc":{"start":{"line":21,"column":6},"end":{"line":23,"column":7}},"type":"if","locations":[{"start":{"line":21,"column":6},"end":{"line":23,"column":7}},{"start":{"line":21,"column":6},"end":{"line":23,"column":7}}],"line":21},"1":{"loc":{"start":{"line":31,"column":13},"end":{"line":31,"column":66}},"type":"binary-expr","locations":[{"start":{"line":31,"column":13},"end":{"line":31,"column":36}},{"start":{"line":31,"column":40},"end":{"line":31,"column":66}}],"line":31},"2":{"loc":{"start":{"line":34,"column":13},"end":{"line":34,"column":75}},"type":"cond-expr","locations":[{"start":{"line":34,"column":38},"end":{"line":34,"column":42}},{"start":{"line":34,"column":45},"end":{"line":34,"column":75}}],"line":34},"3":{"loc":{"start":{"line":45,"column":8},"end":{"line":54,"column":9}},"type":"if","locations":[{"start":{"line":45,"column":8},"end":{"line":54,"column":9}},{"start":{"line":45,"column":8},"end":{"line":54,"column":9}}],"line":45},"4":{"loc":{"start":{"line":46,"column":10},"end":{"line":48,"column":39}},"type":"binary-expr","locations":[{"start":{"line":46,"column":10},"end":{"line":46,"column":32}},{"start":{"line":47,"column":10},"end":{"line":47,"column":34}},{"start":{"line":48,"column":10},"end":{"line":48,"column":39}}],"line":46},"5":{"loc":{"start":{"line":51,"column":19},"end":{"line":51,"column":97}},"type":"cond-expr","locations":[{"start":{"line":51,"column":44},"end":{"line":51,"column":48}},{"start":{"line":51,"column":51},"end":{"line":51,"column":97}}],"line":51},"6":{"loc":{"start":{"line":75,"column":10},"end":{"line":79,"column":11}},"type":"if","locations":[{"start":{"line":75,"column":10},"end":{"line":79,"column":11}},{"start":{"line":75,"column":10},"end":{"line":79,"column":11}}],"line":75},"7":{"loc":{"start":{"line":87,"column":6},"end":{"line":106,"column":7}},"type":"if","locations":[{"start":{"line":87,"column":6},"end":{"line":106,"column":7}},{"start":{"line":87,"column":6},"end":{"line":106,"column":7}}],"line":87},"8":{"loc":{"start":{"line":89,"column":8},"end":{"line":105,"column":9}},"type":"if","locations":[{"start":{"line":89,"column":8},"end":{"line":105,"column":9}},{"start":{"line":89,"column":8},"end":{"line":105,"column":9}}],"line":89},"9":{"loc":{"start":{"line":97,"column":14},"end":{"line":100,"column":15}},"type":"if","locations":[{"start":{"line":97,"column":14},"end":{"line":100,"column":15}},{"start":{"line":97,"column":14},"end":{"line":100,"column":15}}],"line":97}},"s":{"0":3,"1":3,"2":3,"3":1,"4":2,"5":2,"6":1,"7":2,"8":1,"9":2,"10":2,"11":1,"12":2,"13":1,"14":1,"15":1,"16":1,"17":1,"18":1,"19":1,"20":1,"21":2,"22":1,"23":1,"24":1,"25":1,"26":7,"27":7,"28":14,"29":7,"30":7,"31":7,"32":1},"f":{"0":2,"1":1,"2":1,"3":7,"4":14},"b":{"0":[1,2],"1":[1,1],"2":[0,2],"3":[1,1],"4":[2,1,1],"5":[0,1],"6":[1,0],"7":[1,1],"8":[1,0],"9":[7,7]},"_coverageSchema":"332fd63041d2c1bcb487cc26dd0d5f7d97098a6c","hash":"76b69d55f6abcf7fc673ccbdacb34be2007aa6b2"}
,"/Users/manic/Documents/Code/chameleon/chameleon-sdk/src/utility/index.js": {"path":"/Users/manic/Documents/Code/chameleon/chameleon-sdk/src/utility/index.js","statementMap":{},"fnMap":{},"branchMap":{},"s":{},"f":{},"b":{},"_coverageSchema":"332fd63041d2c1bcb487cc26dd0d5f7d97098a6c","hash":"56ebed8f2332498fb77e06c27cc82032d1cff4d0"}
,"/Users/manic/Documents/Code/chameleon/chameleon-sdk/src/utility/localStorage.js": {"path":"/Users/manic/Documents/Code/chameleon/chameleon-sdk/src/utility/localStorage.js","statementMap":{"0":{"start":{"line":1,"column":20},"end":{"line":11,"column":1}},"1":{"start":{"line":2,"column":15},"end":{"line":2,"column":29}},"2":{"start":{"line":4,"column":2},"end":{"line":10,"column":3}},"3":{"start":{"line":5,"column":4},"end":{"line":5,"column":37}},"4":{"start":{"line":6,"column":4},"end":{"line":6,"column":34}},"5":{"start":{"line":7,"column":4},"end":{"line":7,"column":16}},"6":{"start":{"line":9,"column":4},"end":{"line":9,"column":17}},"7":{"start":{"line":16,"column":15},"end":{"line":16,"column":19}},"8":{"start":{"line":17,"column":24},"end":{"line":17,"column":44}},"9":{"start":{"line":18,"column":4},"end":{"line":20,"column":5}},"10":{"start":{"line":19,"column":6},"end":{"line":19,"column":37}},"11":{"start":{"line":22,"column":4},"end":{"line":22,"column":16}},"12":{"start":{"line":26,"column":24},"end":{"line":26,"column":44}},"13":{"start":{"line":27,"column":4},"end":{"line":30,"column":5}},"14":{"start":{"line":28,"column":19},"end":{"line":28,"column":42}},"15":{"start":{"line":29,"column":6},"end":{"line":29,"column":32}},"16":{"start":{"line":32,"column":4},"end":{"line":32,"column":17}},"17":{"start":{"line":36,"column":24},"end":{"line":36,"column":44}},"18":{"start":{"line":37,"column":4},"end":{"line":42,"column":5}},"19":{"start":{"line":38,"column":19},"end":{"line":38,"column":42}},"20":{"start":{"line":39,"column":6},"end":{"line":41,"column":7}},"21":{"start":{"line":40,"column":8},"end":{"line":40,"column":47}},"22":{"start":{"line":44,"column":4},"end":{"line":44,"column":18}},"23":{"start":{"line":47,"column":4},"end":{"line":49,"column":5}},"24":{"start":{"line":48,"column":6},"end":{"line":48,"column":39}},"25":{"start":{"line":51,"column":4},"end":{"line":51,"column":16}},"26":{"start":{"line":54,"column":4},"end":{"line":57,"column":5}},"27":{"start":{"line":55,"column":6},"end":{"line":55,"column":35}},"28":{"start":{"line":56,"column":6},"end":{"line":56,"column":31}},"29":{"start":{"line":59,"column":4},"end":{"line":59,"column":16}},"30":{"start":{"line":62,"column":4},"end":{"line":65,"column":5}},"31":{"start":{"line":63,"column":6},"end":{"line":63,"column":39}},"32":{"start":{"line":64,"column":6},"end":{"line":64,"column":31}},"33":{"start":{"line":67,"column":4},"end":{"line":67,"column":16}}},"fnMap":{"0":{"name":"(anonymous_0)","decl":{"start":{"line":1,"column":20},"end":{"line":1,"column":21}},"loc":{"start":{"line":1,"column":26},"end":{"line":11,"column":1}},"line":1}},"branchMap":{"0":{"loc":{"start":{"line":18,"column":4},"end":{"line":20,"column":5}},"type":"if","locations":[{"start":{"line":18,"column":4},"end":{"line":20,"column":5}},{"start":{"line":18,"column":4},"end":{"line":20,"column":5}}],"line":18},"1":{"loc":{"start":{"line":27,"column":4},"end":{"line":30,"column":5}},"type":"if","locations":[{"start":{"line":27,"column":4},"end":{"line":30,"column":5}},{"start":{"line":27,"column":4},"end":{"line":30,"column":5}}],"line":27},"2":{"loc":{"start":{"line":37,"column":4},"end":{"line":42,"column":5}},"type":"if","locations":[{"start":{"line":37,"column":4},"end":{"line":42,"column":5}},{"start":{"line":37,"column":4},"end":{"line":42,"column":5}}],"line":37},"3":{"loc":{"start":{"line":39,"column":6},"end":{"line":41,"column":7}},"type":"if","locations":[{"start":{"line":39,"column":6},"end":{"line":41,"column":7}},{"start":{"line":39,"column":6},"end":{"line":41,"column":7}}],"line":39},"4":{"loc":{"start":{"line":47,"column":4},"end":{"line":49,"column":5}},"type":"if","locations":[{"start":{"line":47,"column":4},"end":{"line":49,"column":5}},{"start":{"line":47,"column":4},"end":{"line":49,"column":5}}],"line":47},"5":{"loc":{"start":{"line":54,"column":4},"end":{"line":57,"column":5}},"type":"if","locations":[{"start":{"line":54,"column":4},"end":{"line":57,"column":5}},{"start":{"line":54,"column":4},"end":{"line":57,"column":5}}],"line":54},"6":{"loc":{"start":{"line":62,"column":4},"end":{"line":65,"column":5}},"type":"if","locations":[{"start":{"line":62,"column":4},"end":{"line":65,"column":5}},{"start":{"line":62,"column":4},"end":{"line":65,"column":5}}],"line":62}},"s":{"0":6,"1":6,"2":6,"3":6,"4":6,"5":6,"6":0,"7":1,"8":1,"9":1,"10":1,"11":1,"12":1,"13":1,"14":1,"15":1,"16":1,"17":0,"18":0,"19":0,"20":0,"21":0,"22":0,"23":12,"24":10,"25":2,"26":2,"27":1,"28":1,"29":1,"30":6,"31":5,"32":5,"33":1},"f":{"0":6},"b":{"0":[1,0],"1":[1,0],"2":[0,0],"3":[0,0],"4":[10,2],"5":[1,1],"6":[5,1]},"_coverageSchema":"332fd63041d2c1bcb487cc26dd0d5f7d97098a6c","hash":"54999d295c9ce21ca0f29b3b52d495cd90bf3cc5"}
,"/Users/manic/Documents/Code/chameleon/chameleon-sdk/src/utility/logger.js": {"path":"/Users/manic/Documents/Code/chameleon/chameleon-sdk/src/utility/logger.js","statementMap":{"0":{"start":{"line":1,"column":15},"end":{"line":6,"column":1}},"1":{"start":{"line":8,"column":18},"end":{"line":19,"column":1}},"2":{"start":{"line":9,"column":17},"end":{"line":9,"column":36}},"3":{"start":{"line":12,"column":2},"end":{"line":18,"column":4}},"4":{"start":{"line":23,"column":4},"end":{"line":23,"column":44}},"5":{"start":{"line":26,"column":4},"end":{"line":26,"column":45}},"6":{"start":{"line":29,"column":4},"end":{"line":29,"column":45}},"7":{"start":{"line":32,"column":4},"end":{"line":32,"column":46}}},"fnMap":{"0":{"name":"(anonymous_0)","decl":{"start":{"line":8,"column":18},"end":{"line":8,"column":19}},"loc":{"start":{"line":8,"column":56},"end":{"line":19,"column":1}},"line":8}},"branchMap":{"0":{"loc":{"start":{"line":9,"column":17},"end":{"line":9,"column":36}},"type":"binary-expr","locations":[{"start":{"line":9,"column":17},"end":{"line":9,"column":27}},{"start":{"line":9,"column":31},"end":{"line":9,"column":36}}],"line":9}},"s":{"0":5,"1":5,"2":0,"3":0,"4":0,"5":0,"6":0,"7":0},"f":{"0":0},"b":{"0":[0,0]},"_coverageSchema":"332fd63041d2c1bcb487cc26dd0d5f7d97098a6c","hash":"acf3f289ce35c8160eda189f0cc1f7fed294c5fe"}
}
