TN:
SF:/Users/manic/Documents/Code/chameleon/chameleon-sdk/src/index.js
FNF:0
FNH:0
LF:0
LH:0
BRF:0
BRH:0
end_of_record
TN:
SF:/Users/manic/Documents/Code/chameleon/chameleon-sdk/src/api/index.js
FNF:0
FNH:0
LF:0
LH:0
BRF:0
BRH:0
end_of_record
TN:
SF:/Users/manic/Documents/Code/chameleon/chameleon-sdk/src/api/connector/index.js
FN:4,(anonymous_0)
FN:34,(anonymous_1)
FNF:2
FNH:2
FNDA:1,(anonymous_0)
FNDA:1,(anonymous_1)
DA:4,3
DA:5,1
DA:7,1
DA:19,1
DA:24,4
DA:25,4
DA:28,1
DA:29,1
DA:32,1
DA:33,1
DA:34,1
DA:35,1
DA:36,1
DA:40,2
DA:41,2
LF:15
LH:15
BRDA:32,0,0,0
BRDA:32,0,1,1
BRF:2
BRH:1
end_of_record
TN:
SF:/Users/manic/Documents/Code/chameleon/chameleon-sdk/src/api/connector/internal/graphql.js
FN:5,(anonymous_0)
FN:18,(anonymous_1)
FN:22,(anonymous_2)
FN:40,(anonymous_3)
FN:45,(anonymous_4)
FN:60,(anonymous_5)
FN:104,(anonymous_6)
FN:110,(anonymous_7)
FN:129,(anonymous_8)
FN:133,(anonymous_9)
FN:144,(anonymous_10)
FN:165,(anonymous_11)
FN:177,(anonymous_12)
FN:181,(anonymous_13)
FNF:14
FNH:0
FNDA:0,(anonymous_0)
FNDA:0,(anonymous_1)
FNDA:0,(anonymous_2)
FNDA:0,(anonymous_3)
FNDA:0,(anonymous_4)
FNDA:0,(anonymous_5)
FNDA:0,(anonymous_6)
FNDA:0,(anonymous_7)
FNDA:0,(anonymous_8)
FNDA:0,(anonymous_9)
FNDA:0,(anonymous_10)
FNDA:0,(anonymous_11)
FNDA:0,(anonymous_12)
FNDA:0,(anonymous_13)
DA:5,3
DA:6,0
DA:7,0
DA:9,0
DA:10,0
DA:13,0
DA:18,3
DA:19,0
DA:20,0
DA:21,0
DA:22,0
DA:23,0
DA:24,0
DA:27,0
DA:34,0
DA:40,3
DA:41,0
DA:42,0
DA:45,3
DA:46,0
DA:47,0
DA:48,0
DA:50,0
DA:60,3
DA:61,0
DA:101,0
DA:104,3
DA:105,0
DA:107,0
DA:110,3
DA:111,0
DA:112,0
DA:113,0
DA:114,0
DA:118,0
DA:123,0
DA:124,0
DA:130,0
DA:131,0
DA:133,0
DA:134,0
DA:136,0
DA:137,0
DA:142,0
DA:143,0
DA:144,0
DA:145,0
DA:152,0
DA:153,0
DA:157,0
DA:161,0
DA:162,0
DA:166,0
DA:167,0
DA:171,0
DA:172,0
DA:178,0
DA:179,0
DA:181,0
DA:182,0
DA:188,0
LF:61
LH:7
BRDA:9,0,0,0
BRDA:9,0,1,0
BRDA:19,1,0,0
BRDA:19,1,1,0
BRDA:30,2,0,0
BRDA:30,2,1,0
BRDA:48,3,0,0
BRDA:48,3,1,0
BRDA:111,4,0,0
BRDA:111,4,1,0
BRDA:113,5,0,0
BRDA:113,5,1,0
BRDA:136,6,0,0
BRDA:136,6,1,0
BRDA:143,7,0,0
BRDA:143,7,1,0
BRF:16
BRH:0
end_of_record
TN:
SF:/Users/manic/Documents/Code/chameleon/chameleon-sdk/src/api/connector/internal/http.js
FNF:0
FNH:0
LF:0
LH:0
BRF:0
BRH:0
end_of_record
TN:
SF:/Users/manic/Documents/Code/chameleon/chameleon-sdk/src/api/connector/internal/index.js
FNF:0
FNH:0
LF:0
LH:0
BRF:0
BRH:0
end_of_record
TN:
SF:/Users/manic/Documents/Code/chameleon/chameleon-sdk/src/api/connector/internal/local.js
FN:12,(anonymous_0)
FN:19,(anonymous_1)
FN:30,(anonymous_2)
FNF:3
FNH:3
FNDA:1,(anonymous_0)
FNDA:1,(anonymous_1)
FNDA:2,(anonymous_2)
DA:11,1
DA:12,1
DA:13,1
DA:14,1
DA:18,1
DA:19,1
DA:20,1
DA:21,1
DA:29,2
DA:30,2
DA:31,2
DA:32,2
LF:12
LH:12
BRF:0
BRH:0
end_of_record
TN:
SF:/Users/manic/Documents/Code/chameleon/chameleon-sdk/src/mixins/bindable.js
FN:13,(anonymous_0)
FNF:1
FNH:1
FNDA:8,(anonymous_0)
DA:6,6
DA:7,1
DA:10,5
DA:11,5
DA:12,3
DA:13,3
DA:14,8
DA:15,2
DA:19,2
LF:9
LH:9
BRDA:6,0,0,1
BRDA:6,0,1,5
BRDA:11,1,0,3
BRDA:11,1,1,2
BRDA:11,2,0,5
BRDA:11,2,1,4
BRDA:14,3,0,6
BRDA:14,3,1,2
BRF:8
BRH:8
end_of_record
TN:
SF:/Users/manic/Documents/Code/chameleon/chameleon-sdk/src/mixins/dependable.js
FN:19,(anonymous_0)
FN:24,(anonymous_1)
FN:30,(anonymous_2)
FN:37,(anonymous_3)
FN:45,(anonymous_4)
FN:46,(anonymous_5)
FN:58,(anonymous_6)
FN:78,(anonymous_7)
FN:79,(anonymous_8)
FN:84,(anonymous_9)
FN:96,(anonymous_10)
FN:98,(anonymous_11)
FN:106,(anonymous_12)
FN:110,(anonymous_13)
FN:113,(anonymous_14)
FNF:15
FNH:10
FNDA:2,(anonymous_0)
FNDA:0,(anonymous_1)
FNDA:2,(anonymous_2)
FNDA:3,(anonymous_3)
FNDA:0,(anonymous_4)
FNDA:0,(anonymous_5)
FNDA:1,(anonymous_6)
FNDA:1,(anonymous_7)
FNDA:0,(anonymous_8)
FNDA:1,(anonymous_9)
FNDA:1,(anonymous_10)
FNDA:1,(anonymous_11)
FNDA:2,(anonymous_12)
FNDA:1,(anonymous_13)
FNDA:0,(anonymous_14)
DA:17,2
DA:19,2
DA:20,2
DA:21,2
DA:24,0
DA:25,0
DA:26,0
DA:30,2
DA:31,2
DA:32,2
DA:34,2
DA:37,2
DA:38,3
DA:45,2
DA:46,0
DA:47,0
DA:48,0
DA:49,0
DA:50,0
DA:51,0
DA:52,0
DA:53,0
DA:58,2
DA:59,1
DA:60,1
DA:61,1
DA:62,1
DA:64,1
DA:66,1
DA:67,1
DA:68,1
DA:71,1
DA:72,0
DA:73,0
DA:74,0
DA:75,0
DA:78,1
DA:79,1
DA:80,0
DA:81,0
DA:84,1
DA:85,1
DA:87,1
DA:90,0
DA:96,2
DA:97,1
DA:98,1
DA:100,1
DA:106,2
DA:107,2
DA:109,1
DA:110,1
DA:111,1
DA:112,1
DA:115,0
DA:117,1
DA:119,1
DA:120,1
DA:123,0
DA:129,2
LF:60
LH:40
BRDA:20,0,0,2
BRDA:20,0,1,0
BRDA:26,1,0,0
BRDA:26,1,1,0
BRDA:26,2,0,0
BRDA:26,2,1,0
BRDA:31,3,0,2
BRDA:31,3,1,2
BRDA:34,4,0,2
BRDA:34,4,1,1
BRDA:47,5,0,0
BRDA:47,5,1,0
BRDA:51,6,0,0
BRDA:51,6,1,0
BRDA:59,7,0,1
BRDA:59,7,1,0
BRDA:59,8,0,1
BRDA:59,8,1,0
BRDA:60,9,0,1
BRDA:60,9,1,0
BRDA:60,10,0,1
BRDA:60,10,1,0
BRDA:62,11,0,0
BRDA:62,11,1,1
BRDA:66,12,0,1
BRDA:66,12,1,0
BRDA:67,13,0,1
BRDA:67,13,1,0
BRDA:72,14,0,0
BRDA:72,14,1,0
BRDA:85,15,0,1
BRDA:85,15,1,0
BRDA:85,16,0,1
BRDA:85,16,1,1
BRDA:85,16,2,1
BRDA:97,17,0,1
BRDA:97,17,1,0
BRDA:107,18,0,1
BRDA:107,18,1,1
BRDA:117,19,0,1
BRDA:117,19,1,0
BRF:41
BRH:20
end_of_record
TN:
SF:/Users/manic/Documents/Code/chameleon/chameleon-sdk/src/mixins/elementable.js
FN:8,(anonymous_0)
FN:92,(anonymous_1)
FNF:2
FNH:2
FNDA:6,(anonymous_0)
FNDA:2,(anonymous_1)
DA:8,6
DA:19,4
DA:26,2
DA:35,10
DA:36,10
DA:40,20
DA:65,5
DA:66,5
DA:67,1
DA:68,4
DA:69,3
DA:72,1
DA:79,1
DA:91,1
DA:92,1
DA:93,2
DA:104,2
DA:108,20
DA:114,0
DA:126,20
LF:20
LH:19
BRDA:35,0,0,10
BRDA:35,0,1,0
BRDA:36,1,0,10
BRDA:36,1,1,10
BRDA:66,2,0,1
BRDA:66,2,1,4
BRDA:66,3,0,5
BRDA:66,3,1,1
BRDA:68,4,0,3
BRDA:68,4,1,1
BRF:10
BRH:9
end_of_record
TN:
SF:/Users/manic/Documents/Code/chameleon/chameleon-sdk/src/mixins/index.js
FNF:0
FNH:0
LF:0
LH:0
BRF:0
BRH:0
end_of_record
TN:
SF:/Users/manic/Documents/Code/chameleon/chameleon-sdk/src/mixins/reactionable.js
FN:70,(anonymous_0)
FN:75,(anonymous_1)
FN:94,(anonymous_2)
FN:123,(anonymous_3)
FNF:4
FNH:4
FNDA:1,(anonymous_0)
FNDA:1,(anonymous_1)
FNDA:1,(anonymous_2)
FNDA:1,(anonymous_3)
DA:12,1
DA:24,1
DA:27,1
DA:30,1
DA:42,1
DA:43,1
DA:44,1
DA:66,1
DA:67,0
DA:70,1
DA:71,1
DA:72,0
DA:75,1
DA:76,1
DA:77,1
DA:78,0
DA:79,0
DA:92,1
DA:93,1
DA:94,1
DA:95,1
DA:96,1
DA:97,1
DA:102,1
DA:105,1
DA:110,1
DA:112,1
DA:115,1
DA:122,1
DA:123,1
DA:124,1
DA:127,1
DA:132,1
DA:135,0
LF:34
LH:29
BRDA:24,0,0,1
BRDA:24,0,1,0
BRDA:27,1,0,1
BRDA:27,1,1,1
BRDA:43,2,0,1
BRDA:43,2,1,0
BRDA:43,3,0,1
BRDA:43,3,1,1
BRDA:66,4,0,0
BRDA:66,4,1,1
BRDA:71,5,0,0
BRDA:71,5,1,1
BRDA:71,6,0,1
BRDA:71,6,1,1
BRDA:77,7,0,0
BRDA:77,7,1,1
BRDA:93,8,0,1
BRDA:93,8,1,0
BRDA:95,9,0,1
BRDA:95,9,1,0
BRDA:122,10,0,1
BRDA:122,10,1,0
BRF:22
BRH:14
end_of_record
TN:
SF:/Users/manic/Documents/Code/chameleon/chameleon-sdk/src/mixins/sourceable.js
FN:44,(anonymous_0)
FN:70,(anonymous_1)
FN:88,(anonymous_2)
FN:94,(anonymous_3)
FN:96,(anonymous_4)
FNF:5
FNH:5
FNDA:2,(anonymous_0)
FNDA:1,(anonymous_1)
FNDA:1,(anonymous_2)
FNDA:7,(anonymous_3)
FNDA:14,(anonymous_4)
DA:13,3
DA:20,3
DA:21,3
DA:22,1
DA:25,2
DA:28,2
DA:31,1
DA:34,2
DA:39,1
DA:44,2
DA:45,2
DA:50,1
DA:56,2
DA:61,1
DA:65,1
DA:66,1
DA:71,1
DA:75,1
DA:76,1
DA:81,1
DA:82,1
DA:87,2
DA:88,1
DA:89,1
DA:94,1
DA:95,7
DA:96,7
DA:97,14
DA:98,7
DA:99,7
DA:103,7
DA:108,1
LF:32
LH:32
BRDA:21,0,0,1
BRDA:21,0,1,2
BRDA:31,1,0,1
BRDA:31,1,1,1
BRDA:34,2,0,0
BRDA:34,2,1,2
BRDA:45,3,0,1
BRDA:45,3,1,1
BRDA:46,4,0,2
BRDA:46,4,1,1
BRDA:46,4,2,1
BRDA:51,5,0,0
BRDA:51,5,1,1
BRDA:75,6,0,1
BRDA:75,6,1,0
BRDA:87,7,0,1
BRDA:87,7,1,1
BRDA:89,8,0,1
BRDA:89,8,1,0
BRDA:97,9,0,7
BRDA:97,9,1,7
BRF:21
BRH:17
end_of_record
TN:
SF:/Users/manic/Documents/Code/chameleon/chameleon-sdk/src/utility/index.js
FNF:0
FNH:0
LF:0
LH:0
BRF:0
BRH:0
end_of_record
TN:
SF:/Users/manic/Documents/Code/chameleon/chameleon-sdk/src/utility/localStorage.js
FN:1,(anonymous_0)
FNF:1
FNH:1
FNDA:6,(anonymous_0)
DA:1,6
DA:2,6
DA:4,6
DA:5,6
DA:6,6
DA:7,6
DA:9,0
DA:16,1
DA:17,1
DA:18,1
DA:19,1
DA:22,1
DA:26,1
DA:27,1
DA:28,1
DA:29,1
DA:32,1
DA:36,0
DA:37,0
DA:38,0
DA:39,0
DA:40,0
DA:44,0
DA:47,12
DA:48,10
DA:51,2
DA:54,2
DA:55,1
DA:56,1
DA:59,1
DA:62,6
DA:63,5
DA:64,5
DA:67,1
LF:34
LH:27
BRDA:18,0,0,1
BRDA:18,0,1,0
BRDA:27,1,0,1
BRDA:27,1,1,0
BRDA:37,2,0,0
BRDA:37,2,1,0
BRDA:39,3,0,0
BRDA:39,3,1,0
BRDA:47,4,0,10
BRDA:47,4,1,2
BRDA:54,5,0,1
BRDA:54,5,1,1
BRDA:62,6,0,5
BRDA:62,6,1,1
BRF:14
BRH:8
end_of_record
TN:
SF:/Users/manic/Documents/Code/chameleon/chameleon-sdk/src/utility/logger.js
FN:8,(anonymous_0)
FNF:1
FNH:0
FNDA:0,(anonymous_0)
DA:1,5
DA:8,5
DA:9,0
DA:12,0
DA:23,0
DA:26,0
DA:29,0
DA:32,0
LF:8
LH:2
BRDA:9,0,0,0
BRDA:9,0,1,0
BRF:2
BRH:0
end_of_record
